SF:lib/models/library.dart
DA:7,3
DA:9,0
DA:12,0
DA:13,0
DA:15,0
DA:16,0
DA:22,0
DA:23,0
DA:34,0
DA:51,0
LF:10
LH:1
end_of_record
SF:lib/models/library.g.dart
DA:9,0
DA:10,0
DA:11,0
DA:12,0
DA:13,0
DA:17,0
DA:18,0
DA:19,0
DA:20,0
DA:21,0
DA:24,0
DA:25,0
DA:26,0
DA:27,0
DA:30,0
DA:31,0
DA:32,0
DA:33,0
LF:18
LH:0
end_of_record
SF:lib/screens/home_screen.dart
DA:13,1
DA:20,1
DA:21,1
DA:35,1
DA:37,2
DA:40,2
DA:41,4
DA:42,3
DA:43,1
DA:46,2
DA:47,0
DA:49,0
DA:50,0
DA:55,1
DA:57,1
DA:58,3
DA:59,1
DA:60,1
DA:61,1
DA:62,1
DA:65,1
DA:67,2
DA:68,1
DA:71,1
DA:72,2
DA:73,3
DA:74,3
DA:76,2
DA:77,1
DA:78,1
DA:79,1
DA:82,1
DA:85,1
DA:88,1
DA:90,2
DA:91,1
DA:92,1
DA:95,2
DA:96,2
DA:97,1
DA:98,1
DA:101,0
DA:102,0
DA:103,0
DA:108,1
DA:109,2
DA:110,4
DA:111,2
DA:114,3
DA:115,1
DA:116,4
DA:117,4
DA:119,1
DA:120,4
DA:121,4
DA:125,4
DA:126,4
DA:127,4
DA:130,1
DA:132,1
DA:135,0
DA:138,1
DA:142,1
DA:144,2
DA:145,1
DA:147,2
DA:148,1
DA:149,1
DA:151,2
DA:154,0
DA:158,0
DA:159,0
DA:161,0
DA:162,0
DA:164,0
DA:167,1
DA:168,2
DA:169,3
DA:170,3
DA:172,4
DA:173,4
DA:174,2
DA:177,0
DA:183,0
DA:184,0
DA:185,0
DA:186,0
DA:188,0
DA:191,0
DA:192,0
DA:194,0
DA:195,0
DA:196,0
DA:205,1
DA:206,1
DA:207,4
DA:210,1
DA:212,1
DA:213,1
DA:214,4
DA:218,1
DA:219,0
DA:220,0
DA:224,1
DA:226,1
DA:227,0
DA:228,0
DA:230,0
DA:231,0
DA:232,0
DA:233,0
DA:239,2
DA:241,1
DA:243,1
DA:244,1
DA:245,1
DA:246,1
DA:247,1
DA:248,1
DA:256,2
DA:257,1
DA:259,2
DA:261,1
DA:263,1
DA:264,1
DA:265,1
DA:268,1
DA:269,3
DA:270,2
DA:271,0
DA:272,0
DA:273,0
DA:274,0
DA:275,0
DA:276,0
DA:277,0
DA:279,0
DA:280,0
DA:281,0
LF:139
LH:97
end_of_record
SF:lib/services/library_service.dart
DA:6,0
DA:7,0
DA:8,0
DA:9,0
LF:4
LH:0
end_of_record
SF:lib/widgets/time_selector.dart
DA:8,1
DA:14,1
DA:16,1
DA:17,0
DA:18,1
DA:22,0
DA:23,0
DA:25,0
DA:26,0
DA:29,0
DA:32,0
DA:33,0
DA:34,0
DA:35,0
DA:36,0
DA:37,0
DA:39,0
DA:40,0
LF:18
LH:4
end_of_record
SF:lib/utils/clock.dart
DA:2,1
LF:1
LH:1
end_of_record
